Flow report for de0_pulse_gen
Wed Nov 21 16:44:44 2018
Quartus Prime Version 16.0.0 Build 211 04/27/2016 SJ Standard Edition


---------------------
; Table of Contents ;
---------------------
  1. Legal Notice
  2. Flow Summary
  3. Flow Settings
  4. Flow Non-Default Global Settings
  5. Flow Elapsed Time
  6. Flow OS Summary
  7. Flow Log
  8. Flow Messages
  9. Flow Suppressed Messages



----------------
; Legal Notice ;
----------------
Copyright (C) 1991-2016 Altera Corporation. All rights reserved.
Your use of Altera Corporation's design tools, logic functions 
and other software and tools, and its AMPP partner logic 
functions, and any output files from any of the foregoing 
(including device programming or simulation files), and any 
associated documentation or information are expressly subject 
to the terms and conditions of the Altera Program License 
Subscription Agreement, the Altera Quartus Prime License Agreement,
the Altera MegaCore Function License Agreement, or other 
applicable license agreement, including, without limitation, 
that your use is for the sole purpose of programming logic 
devices manufactured by Altera and sold by Altera or its 
authorized distributors.  Please refer to the applicable 
agreement for further details.



+-----------------------------------------------------------------------------------+
; Flow Summary                                                                      ;
+---------------------------------+-------------------------------------------------+
; Flow Status                     ; Successful - Wed Nov 21 16:44:44 2018           ;
; Quartus Prime Version           ; 16.0.0 Build 211 04/27/2016 SJ Standard Edition ;
; Revision Name                   ; de0_pulse_gen                                   ;
; Top-level Entity Name           ; de0_pulse_gen_top                               ;
; Family                          ; Cyclone V                                       ;
; Device                          ; 5CEBA4F23C7                                     ;
; Timing Models                   ; Final                                           ;
; Logic utilization (in ALMs)     ; 124 / 18,480 ( < 1 % )                          ;
; Total registers                 ; 267                                             ;
; Total pins                      ; 206 / 224 ( 92 % )                              ;
; Total virtual pins              ; 0                                               ;
; Total block memory bits         ; 0 / 3,153,920 ( 0 % )                           ;
; Total DSP Blocks                ; 0 / 66 ( 0 % )                                  ;
; Total HSSI RX PCSs              ; 0                                               ;
; Total HSSI PMA RX Deserializers ; 0                                               ;
; Total HSSI TX PCSs              ; 0                                               ;
; Total HSSI PMA TX Serializers   ; 0                                               ;
; Total PLLs                      ; 0 / 4 ( 0 % )                                   ;
; Total DLLs                      ; 0 / 4 ( 0 % )                                   ;
+---------------------------------+-------------------------------------------------+


+-----------------------------------------+
; Flow Settings                           ;
+-------------------+---------------------+
; Option            ; Setting             ;
+-------------------+---------------------+
; Start date & time ; 11/21/2018 16:43:22 ;
; Main task         ; Compilation         ;
; Revision Name     ; de0_pulse_gen       ;
+-------------------+---------------------+


+-----------------------------------------------------------------------------------------------------------------------------------+
; Flow Non-Default Global Settings                                                                                                  ;
+--------------------------------------+---------------------------------------+---------------+-------------------+----------------+
; Assignment Name                      ; Value                                 ; Default Value ; Entity Name       ; Section Id     ;
+--------------------------------------+---------------------------------------+---------------+-------------------+----------------+
; COMPILER_SIGNATURE_ID                ; 8796748825852.154283660202548         ; --            ; --                ; --             ;
; EDA_DESIGN_INSTANCE_NAME             ; NA                                    ; --            ; --                ; tb_main        ;
; EDA_NATIVELINK_SIMULATION_TEST_BENCH ; tb_main                               ; --            ; --                ; eda_simulation ;
; EDA_OUTPUT_DATA_FORMAT               ; Verilog Hdl                           ; --            ; --                ; eda_simulation ;
; EDA_SIMULATION_TOOL                  ; ModelSim-Altera (Verilog)             ; <None>        ; --                ; --             ;
; EDA_TEST_BENCH_ENABLE_STATUS         ; TEST_BENCH_MODE                       ; --            ; --                ; eda_simulation ;
; EDA_TEST_BENCH_FILE                  ; sim/de0_pulse_gen_top_tb.v            ; --            ; --                ; tb_main        ;
; EDA_TEST_BENCH_MODULE_NAME           ; tb_main                               ; --            ; --                ; tb_main        ;
; EDA_TEST_BENCH_NAME                  ; tb_main                               ; --            ; --                ; eda_simulation ;
; EDA_TIME_SCALE                       ; 1 ps                                  ; --            ; --                ; eda_simulation ;
; MAX_CORE_JUNCTION_TEMP               ; 85                                    ; --            ; --                ; --             ;
; MIN_CORE_JUNCTION_TEMP               ; 0                                     ; --            ; --                ; --             ;
; PARTITION_COLOR                      ; 16764057                              ; --            ; DE0_CV_Default    ; Top            ;
; PARTITION_COLOR                      ; 16764057                              ; --            ; de0_pulse_gen_top ; Top            ;
; PARTITION_FITTER_PRESERVATION_LEVEL  ; PLACEMENT_AND_ROUTING                 ; --            ; DE0_CV_Default    ; Top            ;
; PARTITION_FITTER_PRESERVATION_LEVEL  ; PLACEMENT_AND_ROUTING                 ; --            ; de0_pulse_gen_top ; Top            ;
; PARTITION_NETLIST_TYPE               ; SOURCE                                ; --            ; DE0_CV_Default    ; Top            ;
; PARTITION_NETLIST_TYPE               ; SOURCE                                ; --            ; de0_pulse_gen_top ; Top            ;
; POWER_BOARD_THERMAL_MODEL            ; None (CONSERVATIVE)                   ; --            ; --                ; --             ;
; POWER_PRESET_COOLING_SOLUTION        ; 23 MM HEAT SINK WITH 200 LFPM AIRFLOW ; --            ; --                ; --             ;
; PROJECT_OUTPUT_DIRECTORY             ; output_files                          ; --            ; --                ; --             ;
; TOP_LEVEL_ENTITY                     ; de0_pulse_gen_top                     ; de0_pulse_gen ; --                ; --             ;
+--------------------------------------+---------------------------------------+---------------+-------------------+----------------+


+-------------------------------------------------------------------------------------------------------------------------------+
; Flow Elapsed Time                                                                                                             ;
+---------------------------+--------------+-------------------------+---------------------+------------------------------------+
; Module Name               ; Elapsed Time ; Average Processors Used ; Peak Virtual Memory ; Total CPU Time (on all processors) ;
+---------------------------+--------------+-------------------------+---------------------+------------------------------------+
; Analysis & Synthesis      ; 00:00:16     ; 1.0                     ; 1299 MB             ; 00:00:23                           ;
; Fitter                    ; 00:00:46     ; 1.0                     ; 2130 MB             ; 00:00:59                           ;
; Assembler                 ; 00:00:04     ; 1.0                     ; 1215 MB             ; 00:00:04                           ;
; TimeQuest Timing Analyzer ; 00:00:10     ; 1.1                     ; 1405 MB             ; 00:00:10                           ;
; EDA Netlist Writer        ; 00:00:01     ; 1.0                     ; 1486 MB             ; 00:00:01                           ;
; Total                     ; 00:01:17     ; --                      ; --                  ; 00:01:37                           ;
+---------------------------+--------------+-------------------------+---------------------+------------------------------------+


+---------------------------------------------------------------------------------------------+
; Flow OS Summary                                                                             ;
+---------------------------+------------------+----------------+------------+----------------+
; Module Name               ; Machine Hostname ; OS Name        ; OS Version ; Processor type ;
+---------------------------+------------------+----------------+------------+----------------+
; Analysis & Synthesis      ; tyler-VirtualBox ; Ubuntu 14.04.5 ; 14         ; x86_64         ;
; Fitter                    ; tyler-VirtualBox ; Ubuntu 14.04.5 ; 14         ; x86_64         ;
; Assembler                 ; tyler-VirtualBox ; Ubuntu 14.04.5 ; 14         ; x86_64         ;
; TimeQuest Timing Analyzer ; tyler-VirtualBox ; Ubuntu 14.04.5 ; 14         ; x86_64         ;
; EDA Netlist Writer        ; tyler-VirtualBox ; Ubuntu 14.04.5 ; 14         ; x86_64         ;
+---------------------------+------------------+----------------+------------+----------------+


------------
; Flow Log ;
------------
quartus_map --read_settings_files=on --write_settings_files=off de0_pulse_gen -c de0_pulse_gen
quartus_fit --read_settings_files=off --write_settings_files=off de0_pulse_gen -c de0_pulse_gen
quartus_asm --read_settings_files=off --write_settings_files=off de0_pulse_gen -c de0_pulse_gen
quartus_sta de0_pulse_gen -c de0_pulse_gen
quartus_eda --read_settings_files=off --write_settings_files=off de0_pulse_gen -c de0_pulse_gen



